Copyright 1986-2022 Xilinx, Inc. All Rights Reserved. Copyright 2022-2023 Advanced Micro Devices, Inc. All Rights Reserved.
-----------------------------------------------------------------------------------------------------------------------------------------------------------
| Tool Version : Vivado v.2023.2 (win64) Build 4029153 Fri Oct 13 20:14:34 MDT 2023
| Date         : Mon Jan  8 19:25:08 2024
| Host         : PC running 64-bit major release  (build 9200)
| Command      : report_methodology -file counter_methodology_drc_routed.rpt -pb counter_methodology_drc_routed.pb -rpx counter_methodology_drc_routed.rpx
| Design       : counter
| Device       : xc7k70tfbv676-1
| Speed File   : -1
| Design State : Fully Routed
-----------------------------------------------------------------------------------------------------------------------------------------------------------

Report Methodology

Table of Contents
-----------------
1. REPORT SUMMARY
2. REPORT DETAILS

1. REPORT SUMMARY
-----------------
            Netlist: netlist
          Floorplan: design_1
      Design limits: <entire design considered>
             Max violations: <unlimited>
             Violations found: 4
+-----------+----------+--------------------------+------------+
| Rule      | Severity | Description              | Violations |
+-----------+----------+--------------------------+------------+
| TIMING-23 | Warning  | Combinational loop found | 4          |
+-----------+----------+--------------------------+------------+

2. REPORT DETAILS
-----------------
TIMING-23#1 Warning
Combinational loop found  
A timing loop has been detected on a combinational path. A timing arc has been disabled between Q_OBUF[0]_inst_i_4/I4 and Q_OBUF[0]_inst_i_4/O to disable the timing loop
Related violations: <none>

TIMING-23#2 Warning
Combinational loop found  
A timing loop has been detected on a combinational path. A timing arc has been disabled between Q_OBUF[1]_inst_i_1/I3 and Q_OBUF[1]_inst_i_1/O to disable the timing loop
Related violations: <none>

TIMING-23#3 Warning
Combinational loop found  
A timing loop has been detected on a combinational path. A timing arc has been disabled between Q_OBUF[2]_inst_i_1/I3 and Q_OBUF[2]_inst_i_1/O to disable the timing loop
Related violations: <none>

TIMING-23#4 Warning
Combinational loop found  
A timing loop has been detected on a combinational path. A timing arc has been disabled between Q_OBUF[3]_inst_i_1/I3 and Q_OBUF[3]_inst_i_1/O to disable the timing loop
Related violations: <none>


